<?xml version="1.0" encoding="UTF-8"?>
<testsuite xmlns:xsi="http://www.w3.org/2001/XMLSchema-instance" xsi:noNamespaceSchemaLocation="https://maven.apache.org/surefire/maven-surefire-plugin/xsd/surefire-test-report-3.0.xsd" version="3.0" name="com.mycompany.test.RoverContextTest" time="0.019" tests="4" errors="0" skipped="0" failures="0">
  <properties>
[...]
</properties>
  <testcase name="testTransitionToIdleFromAccelerateForward" classname="com.mycompany.test.RoverContextTest" time="0.009">
    <system-out><![CDATA[Entering Idle State
Transitioning to Accelerate Forward State
Accelerating Forward
Transitioning to Idle State
Entering Idle State
]]></system-out>
  </testcase>
  <testcase name="testTransitionToAccelerateBackward" classname="com.mycompany.test.RoverContextTest" time="0">
    <system-out><![CDATA[Entering Idle State
Transitioning to Accelerate Backward State
Accelerating Backward
]]></system-out>
  </testcase>
  <testcase name="testInitialState" classname="com.mycompany.test.RoverContextTest" time="0">
    <system-out><![CDATA[Entering Idle State
]]></system-out>
  </testcase>
  <testcase name="testTransitionToAccelerateForward" classname="com.mycompany.test.RoverContextTest" time="0.001">
    <system-out><![CDATA[Entering Idle State
Transitioning to Accelerate Forward State
Accelerating Forward
]]></system-out>
  </testcase>
</testsuite>